<?xml version="1.0" encoding="UTF-8"?>
<!-- Generated by org.testng.reporters.JUnitReportReporter -->
<testsuite hostname="HbpSoft" failures="1" tests="9" name="com.apollo2.apollo2_Homepage.sanitytesting" time="180.655" errors="0" timestamp="2024-04-04T14:27:54 IST" skipped="0">
  <testcase classname="com.apollo2.apollo2_Homepage.sanitytesting" name="testSanity" time="1.809"/>
  <system-out/>
  <testcase classname="com.apollo2.apollo2_Homepage.sanitytesting" name="homepagecontent" time="0.068">
    <failure message="Heading1 are not equal expected [Sudha Gopalakrishnan Brain Centre] but found []" type="java.lang.AssertionError">
      <![CDATA[java.lang.AssertionError: Heading1 are not equal expected [Sudha Gopalakrishnan Brain Centre] but found []
at org.testng.Assert.fail(Assert.java:99)
at org.testng.Assert.failNotEquals(Assert.java:1037)
at org.testng.Assert.assertEqualsImpl(Assert.java:140)
at org.testng.Assert.assertEquals(Assert.java:122)
at org.testng.Assert.assertEquals(Assert.java:629)
at com.apollo2.apollo2_Homepage.sanitytesting.homepagecontent(sanitytesting.java:58)
at java.base/jdk.internal.reflect.DirectMethodHandleAccessor.invoke(DirectMethodHandleAccessor.java:103)
at java.base/java.lang.reflect.Method.invoke(Method.java:580)
at org.testng.internal.MethodInvocationHelper.invokeMethod(MethodInvocationHelper.java:133)
at org.testng.internal.TestInvoker.invokeMethod(TestInvoker.java:598)
at org.testng.internal.TestInvoker.invokeTestMethod(TestInvoker.java:173)
at org.testng.internal.MethodRunner.runInSequence(MethodRunner.java:46)
at org.testng.internal.TestInvoker$MethodInvocationAgent.invoke(TestInvoker.java:824)
at org.testng.internal.TestInvoker.invokeTestMethods(TestInvoker.java:146)
at org.testng.internal.TestMethodWorker.invokeTestMethods(TestMethodWorker.java:146)
at org.testng.internal.TestMethodWorker.run(TestMethodWorker.java:128)
at java.base/java.util.ArrayList.forEach(ArrayList.java:1596)
at org.testng.TestRunner.privateRun(TestRunner.java:794)
at org.testng.TestRunner.run(TestRunner.java:596)
at org.testng.SuiteRunner.runTest(SuiteRunner.java:377)
at org.testng.SuiteRunner.runSequentially(SuiteRunner.java:371)
at org.testng.SuiteRunner.privateRun(SuiteRunner.java:332)
at org.testng.SuiteRunner.run(SuiteRunner.java:276)
at org.testng.SuiteRunnerWorker.runSuite(SuiteRunnerWorker.java:53)
at org.testng.SuiteRunnerWorker.run(SuiteRunnerWorker.java:96)
at org.testng.TestNG.runSuitesSequentially(TestNG.java:1212)
at org.testng.TestNG.runSuitesLocally(TestNG.java:1134)
at org.testng.TestNG.runSuites(TestNG.java:1063)
at org.testng.TestNG.run(TestNG.java:1031)
at org.testng.remote.AbstractRemoteTestNG.run(AbstractRemoteTestNG.java:115)
at org.testng.remote.RemoteTestNG.initAndRun(RemoteTestNG.java:251)
at org.testng.remote.RemoteTestNG.main(RemoteTestNG.java:77)
]]>
    </failure>
  </testcase> <!-- homepagecontent -->
  <system-out/>
  <testcase classname="com.apollo2.apollo2_Homepage.sanitytesting" name="homepagePeople" time="63.692"/>
  <system-out/>
  <testcase classname="com.apollo2.apollo2_Homepage.sanitytesting" name="homepagehighlights" time="26.502"/>
  <system-out/>
  <testcase classname="com.apollo2.apollo2_Homepage.sanitytesting" name="Dataportal" time="6.465"/>
  <system-out/>
  <testcase classname="com.apollo2.apollo2_Homepage.sanitytesting" name="Homenewsandevents" time="9.451"/>
  <system-out/>
  <testcase classname="com.apollo2.apollo2_Homepage.sanitytesting" name="Homecareer" time="48.859"/>
  <system-out/>
  <testcase classname="com.apollo2.apollo2_Homepage.sanitytesting" name="homegallery" time="8.557"/>
  <system-out/>
  <testcase classname="com.apollo2.apollo2_Homepage.sanitytesting" name="Homecontacts" time="15.252"/>
  <system-out/>
</testsuite> <!-- com.apollo2.apollo2_Homepage.sanitytesting -->
